SCOTT> select * from emps where comm > 300 order by deptno, job ;

     EMPNO ENAME      JOB              MGR HIREDATE         SAL       COMM     DEPTNO                                        
---------- ---------- --------- ---------- --------- ---------- ---------- ----------                                        
      7654 MARTIN     SALESMAN        7698 28-SEP-81       1250       1400         30                                        
      7521 WARD       SALESMAN        7698 22-FEB-81       1250        500         30                                        

SCOTT> 
SCOTT> select * from emps where not comm > 300 order by deptno, job ;

     EMPNO ENAME      JOB              MGR HIREDATE         SAL       COMM     DEPTNO                                        
---------- ---------- --------- ---------- --------- ---------- ---------- ----------                                        
      7844 TURNER     SALESMAN        7698 08-SEP-81       1500          0         30                                        
      7499 ALLEN      SALESMAN        7698 20-FEB-81       1600        300         30                                        

SCOTT> select * from emps where not( comm > 300 )  order by deptno, job ;

     EMPNO ENAME      JOB              MGR HIREDATE         SAL       COMM     DEPTNO                                        
---------- ---------- --------- ---------- --------- ---------- ---------- ----------                                        
      7844 TURNER     SALESMAN        7698 08-SEP-81       1500          0         30                                        
      7499 ALLEN      SALESMAN        7698 20-FEB-81       1600        300         30                                        

SCOTT> select * from emps where not( comm > 300 ) or comm is null  order by deptno, job ;

     EMPNO ENAME      JOB              MGR HIREDATE         SAL       COMM     DEPTNO                                        
---------- ---------- --------- ---------- --------- ---------- ---------- ----------                                        
      7934 MILLER     CLERK           7782 23-JAN-82       1300                    10                                        
      7782 CLARK      DEPTMGR         7839 09-JUN-81       2450                    10                                        
      7839 KING       PRESIDENT            17-NOV-81       5000                    10                                        
      7788 SCOTT      ANALYST         7566 19-APR-87       3000                    20                                        
      7902 FORD       ANALYST         7566 03-DEC-81       3000                    20                                        
      7369 SMITH      CLERK           7902 17-DEC-80        800                    20                                        
      7876 ADAMS      CLERK           7788 23-MAY-87       1100                    20                                        
      7566 JONES      DEPTMGR         7839 02-APR-81       2975                    20                                        
      7900 JAMES      CLERK           7698 03-DEC-81        950                    30                                        
      7698 BLAKE      DEPTMGR         7839 01-MAY-81       2850                    30                                        
      7499 ALLEN      SALESMAN        7698 20-FEB-81       1600        300         30                                        
      7844 TURNER     SALESMAN        7698 08-SEP-81       1500          0         30                                        

12 rows selected.

SCOTT> 
SCOTT> 
SCOTT> select distinct deptno, job from emps where job not in ( 'ANALYST','DEPTMGR');

    DEPTNO JOB                                                                                                               
---------- ---------                                                                                                         
        20 CLERK                                                                                                             
        30 SALESMAN                                                                                                          
        30 CLERK                                                                                                             
        10 PRESIDENT                                                                                                         
        10 CLERK                                                                                                             

SCOTT> 
SCOTT> select max(hiredate) from emps where job = 'ANALYST' ;

MAX(HIRED                                                                                                                    
---------                                                                                                                    
19-APR-87                                                                                                                    

SCOTT> select min(hiredate) from emps where job = 'ANALYST' ;

MIN(HIRED                                                                                                                    
---------                                                                                                                    
03-DEC-81                                                                                                                    

SCOTT> 
SCOTT> select count( distinct deptno ) from emps ;

COUNT(DISTINCTDEPTNO)                                                                                                        
---------------------                                                                                                        
                    3                                                                                                        

SCOTT> 
SCOTT> spool off
